<?xml version="1.0" encoding="UTF-8"?>
<!-- Generated by org.testng.reporters.JUnitReportReporter -->
<testsuite hostname="ITMMAAGC42029FZ" failures="0" tests="5" name="MyPackage.MyTestClass" time="33.811" errors="0" timestamp="2024-11-20T09:38:50 WEST" skipped="1">
  <testcase classname="MyPackage.MyTestClass" name="TC2_Authentication_KO" time="6.449"/>
  <system-out/>
  <testcase classname="MyPackage.MyTestClass" name="TC2_Authentication_KO" time="12.504"/>
  <system-out/>
  <testcase classname="MyPackage.MyTestClass" name="TC3_Authentication_OK" time="6.949"/>
  <system-out/>
  <testcase classname="MyPackage.MyTestClass" name="TC4_dropdown" time="7.909"/>
  <system-out/>
  <testcase classname="MyPackage.MyTestClass" name="TC1_homePage">
    <skipped/>
  </testcase> <!-- TC1_homePage -->
  <system-out/>
</testsuite> <!-- MyPackage.MyTestClass -->
